[06:41:39] [main/INFO]: Logging in with username & password
[06:41:43] [main/INFO]: Setting user: hobnob11
[06:41:44] [Client thread/INFO]: LWJGL Version: 2.9.1
[06:41:50] [Client thread/INFO]: Reloading ResourceManager: Default, FMLFileResourcePack:Forge Mod Loader, FMLFileResourcePack:Minecraft Forge, FMLFileResourcePack:HobMod 2.0, FMLFileResourcePack:CoFH Core, FMLFileResourcePack:Redstone Arsenal, FMLFileResourcePack:Thermal Expansion, FMLFileResourcePack:Thermal Foundation
[06:41:51] [Sound Library Loader/INFO]: Sound engine started
[06:41:52] [Client thread/WARN]: Invalid sounds.json
com.google.gson.JsonSyntaxException: com.google.gson.stream.MalformedJsonException: Unterminated array at line 6 column 5
	at com.google.gson.internal.Streams.parse(Streams.java:56) ~[Streams.class:?]
	at com.google.gson.TreeTypeAdapter.read(TreeTypeAdapter.java:54) ~[TreeTypeAdapter.class:?]
	at com.google.gson.internal.bind.TypeAdapterRuntimeTypeWrapper.read(TypeAdapterRuntimeTypeWrapper.java:40) ~[TypeAdapterRuntimeTypeWrapper.class:?]
	at com.google.gson.internal.bind.MapTypeAdapterFactory$Adapter.read(MapTypeAdapterFactory.java:187) ~[MapTypeAdapterFactory$Adapter.class:?]
	at com.google.gson.internal.bind.MapTypeAdapterFactory$Adapter.read(MapTypeAdapterFactory.java:145) ~[MapTypeAdapterFactory$Adapter.class:?]
	at com.google.gson.Gson.fromJson(Gson.java:803) ~[Gson.class:?]
	at com.google.gson.Gson.fromJson(Gson.java:768) ~[Gson.class:?]
	at net.minecraft.client.audio.SoundHandler.onResourceManagerReload(SoundHandler.java:84) [SoundHandler.class:?]
	at net.minecraft.client.resources.SimpleReloadableResourceManager.registerReloadListener(SimpleReloadableResourceManager.java:124) [SimpleReloadableResourceManager.class:?]
	at net.minecraft.client.Minecraft.startGame(Minecraft.java:538) [Minecraft.class:?]
	at net.minecraft.client.Minecraft.run(Minecraft.java:941) [Minecraft.class:?]
	at net.minecraft.client.main.Main.main(Main.java:164) [Main.class:?]
	at sun.reflect.NativeMethodAccessorImpl.invoke0(Native Method) ~[?:1.7.0_67]
	at sun.reflect.NativeMethodAccessorImpl.invoke(NativeMethodAccessorImpl.java:57) ~[?:1.7.0_67]
	at sun.reflect.DelegatingMethodAccessorImpl.invoke(DelegatingMethodAccessorImpl.java:43) ~[?:1.7.0_67]
	at java.lang.reflect.Method.invoke(Method.java:606) ~[?:1.7.0_67]
	at net.minecraft.launchwrapper.Launch.launch(Launch.java:134) [launchwrapper-1.9.jar:?]
	at net.minecraft.launchwrapper.Launch.main(Launch.java:28) [launchwrapper-1.9.jar:?]
	at sun.reflect.NativeMethodAccessorImpl.invoke0(Native Method) ~[?:1.7.0_67]
	at sun.reflect.NativeMethodAccessorImpl.invoke(NativeMethodAccessorImpl.java:57) ~[?:1.7.0_67]
	at sun.reflect.DelegatingMethodAccessorImpl.invoke(DelegatingMethodAccessorImpl.java:43) ~[?:1.7.0_67]
	at java.lang.reflect.Method.invoke(Method.java:606) ~[?:1.7.0_67]
	at GradleStart.bounce(GradleStart.java:107) [start/:?]
	at GradleStart.startClient(GradleStart.java:100) [start/:?]
	at GradleStart.main(GradleStart.java:65) [start/:?]
	at sun.reflect.NativeMethodAccessorImpl.invoke0(Native Method) ~[?:1.7.0_67]
	at sun.reflect.NativeMethodAccessorImpl.invoke(NativeMethodAccessorImpl.java:57) ~[?:1.7.0_67]
	at sun.reflect.DelegatingMethodAccessorImpl.invoke(DelegatingMethodAccessorImpl.java:43) ~[?:1.7.0_67]
	at java.lang.reflect.Method.invoke(Method.java:606) ~[?:1.7.0_67]
	at com.intellij.rt.execution.application.AppMain.main(AppMain.java:134) [idea_rt.jar:?]
Caused by: com.google.gson.stream.MalformedJsonException: Unterminated array at line 6 column 5
	at com.google.gson.stream.JsonReader.syntaxError(JsonReader.java:1505) ~[JsonReader.class:?]
	at com.google.gson.stream.JsonReader.doPeek(JsonReader.java:465) ~[JsonReader.class:?]
	at com.google.gson.stream.JsonReader.hasNext(JsonReader.java:403) ~[JsonReader.class:?]
	at com.google.gson.internal.bind.TypeAdapters$25.read(TypeAdapters.java:658) ~[TypeAdapters$25.class:?]
	at com.google.gson.internal.bind.TypeAdapters$25.read(TypeAdapters.java:667) ~[TypeAdapters$25.class:?]
	at com.google.gson.internal.bind.TypeAdapters$25.read(TypeAdapters.java:642) ~[TypeAdapters$25.class:?]
	at com.google.gson.internal.Streams.parse(Streams.java:44) ~[Streams.class:?]
	... 29 more
[06:41:53] [Client thread/INFO]: Created: 512x512 textures/blocks-atlas
[06:41:53] [Client thread/INFO]: Created: 512x256 textures/items-atlas
[06:41:53] [Client thread/INFO]: Reloading ResourceManager: Default, FMLFileResourcePack:Forge Mod Loader, FMLFileResourcePack:Minecraft Forge, FMLFileResourcePack:HobMod 2.0, FMLFileResourcePack:CoFH Core, FMLFileResourcePack:Redstone Arsenal, FMLFileResourcePack:Thermal Expansion, FMLFileResourcePack:Thermal Foundation
[06:41:54] [Client thread/INFO]: Created: 512x256 textures/items-atlas
[06:41:54] [Client thread/INFO]: Created: 512x512 textures/blocks-atlas
[06:41:55] [Sound Library Loader/INFO]: Sound engine started
[06:41:55] [Client thread/WARN]: Invalid sounds.json
com.google.gson.JsonSyntaxException: com.google.gson.stream.MalformedJsonException: Unterminated array at line 6 column 5
	at com.google.gson.internal.Streams.parse(Streams.java:56) ~[Streams.class:?]
	at com.google.gson.TreeTypeAdapter.read(TreeTypeAdapter.java:54) ~[TreeTypeAdapter.class:?]
	at com.google.gson.internal.bind.TypeAdapterRuntimeTypeWrapper.read(TypeAdapterRuntimeTypeWrapper.java:40) ~[TypeAdapterRuntimeTypeWrapper.class:?]
	at com.google.gson.internal.bind.MapTypeAdapterFactory$Adapter.read(MapTypeAdapterFactory.java:187) ~[MapTypeAdapterFactory$Adapter.class:?]
	at com.google.gson.internal.bind.MapTypeAdapterFactory$Adapter.read(MapTypeAdapterFactory.java:145) ~[MapTypeAdapterFactory$Adapter.class:?]
	at com.google.gson.Gson.fromJson(Gson.java:803) ~[Gson.class:?]
	at com.google.gson.Gson.fromJson(Gson.java:768) ~[Gson.class:?]
	at net.minecraft.client.audio.SoundHandler.onResourceManagerReload(SoundHandler.java:84) [SoundHandler.class:?]
	at net.minecraft.client.resources.SimpleReloadableResourceManager.notifyReloadListeners(SimpleReloadableResourceManager.java:134) [SimpleReloadableResourceManager.class:?]
	at net.minecraft.client.resources.SimpleReloadableResourceManager.reloadResources(SimpleReloadableResourceManager.java:118) [SimpleReloadableResourceManager.class:?]
	at net.minecraft.client.Minecraft.refreshResources(Minecraft.java:653) [Minecraft.class:?]
	at cpw.mods.fml.client.FMLClientHandler.finishMinecraftLoading(FMLClientHandler.java:303) [FMLClientHandler.class:?]
	at net.minecraft.client.Minecraft.startGame(Minecraft.java:596) [Minecraft.class:?]
	at net.minecraft.client.Minecraft.run(Minecraft.java:941) [Minecraft.class:?]
	at net.minecraft.client.main.Main.main(Main.java:164) [Main.class:?]
	at sun.reflect.NativeMethodAccessorImpl.invoke0(Native Method) ~[?:1.7.0_67]
	at sun.reflect.NativeMethodAccessorImpl.invoke(NativeMethodAccessorImpl.java:57) ~[?:1.7.0_67]
	at sun.reflect.DelegatingMethodAccessorImpl.invoke(DelegatingMethodAccessorImpl.java:43) ~[?:1.7.0_67]
	at java.lang.reflect.Method.invoke(Method.java:606) ~[?:1.7.0_67]
	at net.minecraft.launchwrapper.Launch.launch(Launch.java:134) [launchwrapper-1.9.jar:?]
	at net.minecraft.launchwrapper.Launch.main(Launch.java:28) [launchwrapper-1.9.jar:?]
	at sun.reflect.NativeMethodAccessorImpl.invoke0(Native Method) ~[?:1.7.0_67]
	at sun.reflect.NativeMethodAccessorImpl.invoke(NativeMethodAccessorImpl.java:57) ~[?:1.7.0_67]
	at sun.reflect.DelegatingMethodAccessorImpl.invoke(DelegatingMethodAccessorImpl.java:43) ~[?:1.7.0_67]
	at java.lang.reflect.Method.invoke(Method.java:606) ~[?:1.7.0_67]
	at GradleStart.bounce(GradleStart.java:107) [start/:?]
	at GradleStart.startClient(GradleStart.java:100) [start/:?]
	at GradleStart.main(GradleStart.java:65) [start/:?]
	at sun.reflect.NativeMethodAccessorImpl.invoke0(Native Method) ~[?:1.7.0_67]
	at sun.reflect.NativeMethodAccessorImpl.invoke(NativeMethodAccessorImpl.java:57) ~[?:1.7.0_67]
	at sun.reflect.DelegatingMethodAccessorImpl.invoke(DelegatingMethodAccessorImpl.java:43) ~[?:1.7.0_67]
	at java.lang.reflect.Method.invoke(Method.java:606) ~[?:1.7.0_67]
	at com.intellij.rt.execution.application.AppMain.main(AppMain.java:134) [idea_rt.jar:?]
Caused by: com.google.gson.stream.MalformedJsonException: Unterminated array at line 6 column 5
	at com.google.gson.stream.JsonReader.syntaxError(JsonReader.java:1505) ~[JsonReader.class:?]
	at com.google.gson.stream.JsonReader.doPeek(JsonReader.java:465) ~[JsonReader.class:?]
	at com.google.gson.stream.JsonReader.hasNext(JsonReader.java:403) ~[JsonReader.class:?]
	at com.google.gson.internal.bind.TypeAdapters$25.read(TypeAdapters.java:658) ~[TypeAdapters$25.class:?]
	at com.google.gson.internal.bind.TypeAdapters$25.read(TypeAdapters.java:667) ~[TypeAdapters$25.class:?]
	at com.google.gson.internal.bind.TypeAdapters$25.read(TypeAdapters.java:642) ~[TypeAdapters$25.class:?]
	at com.google.gson.internal.Streams.parse(Streams.java:44) ~[Streams.class:?]
	... 32 more
[06:41:59] [Server thread/INFO]: Starting integrated minecraft server version 1.7.10
[06:41:59] [Server thread/INFO]: Generating keypair
[06:41:59] [Server thread/INFO]: Preparing start region for level 0
[06:42:00] [Server thread/INFO]: Changing view distance to 12, from 10
[06:42:00] [Server thread/INFO]: hobnob11[local:E:fcbf2fce] logged in with entity id 146 at (1082.503564763465, 4.0, -837.5328018255977)
[06:42:00] [Server thread/INFO]: hobnob11 joined the game
[06:42:01] [pool-2-thread-1/WARN]: Couldn't look up profile properties for com.mojang.authlib.GameProfile@7656bdc2[id=0e919cd1-5c0d-4856-bce8-d36fc1816bad,name=hobnob11,properties={},legacy=false]
com.mojang.authlib.exceptions.AuthenticationException: The client has sent too many requests within a certain amount of time
	at com.mojang.authlib.yggdrasil.YggdrasilAuthenticationService.makeRequest(YggdrasilAuthenticationService.java:65) ~[YggdrasilAuthenticationService.class:?]
	at com.mojang.authlib.yggdrasil.YggdrasilMinecraftSessionService.fillGameProfile(YggdrasilMinecraftSessionService.java:158) [YggdrasilMinecraftSessionService.class:?]
	at com.mojang.authlib.yggdrasil.YggdrasilMinecraftSessionService$1.load(YggdrasilMinecraftSessionService.java:53) [YggdrasilMinecraftSessionService$1.class:?]
	at com.mojang.authlib.yggdrasil.YggdrasilMinecraftSessionService$1.load(YggdrasilMinecraftSessionService.java:50) [YggdrasilMinecraftSessionService$1.class:?]
	at com.google.common.cache.LocalCache$LoadingValueReference.loadFuture(LocalCache.java:3524) [guava-17.0.jar:?]
	at com.google.common.cache.LocalCache$Segment.loadSync(LocalCache.java:2317) [guava-17.0.jar:?]
	at com.google.common.cache.LocalCache$Segment.lockedGetOrLoad(LocalCache.java:2280) [guava-17.0.jar:?]
	at com.google.common.cache.LocalCache$Segment.get(LocalCache.java:2195) [guava-17.0.jar:?]
	at com.google.common.cache.LocalCache.get(LocalCache.java:3934) [guava-17.0.jar:?]
	at com.google.common.cache.LocalCache.getOrLoad(LocalCache.java:3938) [guava-17.0.jar:?]
	at com.google.common.cache.LocalCache$LocalLoadingCache.get(LocalCache.java:4821) [guava-17.0.jar:?]
	at com.google.common.cache.LocalCache$LocalLoadingCache.getUnchecked(LocalCache.java:4827) [guava-17.0.jar:?]
	at com.mojang.authlib.yggdrasil.YggdrasilMinecraftSessionService.fillProfileProperties(YggdrasilMinecraftSessionService.java:148) [YggdrasilMinecraftSessionService.class:?]
	at net.minecraft.client.resources.SkinManager$3.run(SkinManager.java:133) [SkinManager$3.class:?]
	at java.util.concurrent.Executors$RunnableAdapter.call(Executors.java:471) [?:1.7.0_67]
	at java.util.concurrent.FutureTask.run(FutureTask.java:262) [?:1.7.0_67]
	at java.util.concurrent.ThreadPoolExecutor.runWorker(ThreadPoolExecutor.java:1145) [?:1.7.0_67]
	at java.util.concurrent.ThreadPoolExecutor$Worker.run(ThreadPoolExecutor.java:615) [?:1.7.0_67]
	at java.lang.Thread.run(Thread.java:745) [?:1.7.0_67]
