[15:13:30] [main/INFO]: Logging in with username & password
[15:13:34] [main/INFO]: Setting user: hobnob11
[15:13:35] [Client thread/INFO]: LWJGL Version: 2.9.1
[15:13:41] [Client thread/INFO]: Reloading ResourceManager: Default, FMLFileResourcePack:Forge Mod Loader, FMLFileResourcePack:Minecraft Forge, FMLFileResourcePack:HobMod 2.0, FMLFileResourcePack:CoFH Core, FMLFileResourcePack:Redstone Arsenal, FMLFileResourcePack:Thermal Expansion, FMLFileResourcePack:Thermal Foundation
[15:13:43] [Sound Library Loader/INFO]: Sound engine started
[15:13:45] [Client thread/INFO]: Created: 512x512 textures/blocks-atlas
[15:13:45] [Client thread/INFO]: Created: 512x256 textures/items-atlas
[15:13:46] [Client thread/INFO]: Reloading ResourceManager: Default, FMLFileResourcePack:Forge Mod Loader, FMLFileResourcePack:Minecraft Forge, FMLFileResourcePack:HobMod 2.0, FMLFileResourcePack:CoFH Core, FMLFileResourcePack:Redstone Arsenal, FMLFileResourcePack:Thermal Expansion, FMLFileResourcePack:Thermal Foundation
[15:13:46] [Client thread/INFO]: Created: 512x256 textures/items-atlas
[15:13:47] [Client thread/INFO]: Created: 512x512 textures/blocks-atlas
[15:13:47] [Sound Library Loader/INFO]: Sound engine started
[15:14:02] [Server thread/INFO]: Starting integrated minecraft server version 1.7.10
[15:14:02] [Server thread/INFO]: Generating keypair
[15:14:02] [Server thread/INFO]: Preparing start region for level 0
[15:14:03] [Server thread/INFO]: Changing view distance to 12, from 10
[15:14:03] [Server thread/INFO]: hobnob11[local:E:c73d8a52] logged in with entity id 135 at (1078.0568605943968, 4.0, -833.8418779750027)
[15:14:03] [Server thread/INFO]: hobnob11 joined the game
[15:14:12] [Server thread/INFO]: Saving and pausing game...
[15:14:12] [Server thread/INFO]: Saving chunks for level 'New World'/Overworld
[15:14:12] [Server thread/INFO]: Saving chunks for level 'New World'/Nether
[15:14:12] [Server thread/INFO]: Saving chunks for level 'New World'/The End
[15:15:02] [Server thread/INFO]: Saving and pausing game...
[15:15:02] [Server thread/INFO]: Saving chunks for level 'New World'/Overworld
[15:15:02] [Server thread/INFO]: Saving chunks for level 'New World'/Nether
[15:15:02] [Server thread/INFO]: Saving chunks for level 'New World'/The End
[15:17:01] [Server thread/INFO]: Saving and pausing game...
[15:17:01] [Server thread/INFO]: Saving chunks for level 'New World'/Overworld
[15:17:01] [Server thread/INFO]: Saving chunks for level 'New World'/Nether
[15:17:01] [Server thread/INFO]: Saving chunks for level 'New World'/The End
[15:19:29] [Server thread/INFO]: Saving and pausing game...
[15:19:29] [Server thread/INFO]: Saving chunks for level 'New World'/Overworld
[15:19:29] [Server thread/INFO]: Saving chunks for level 'New World'/Nether
[15:19:29] [Server thread/INFO]: Saving chunks for level 'New World'/The End
[15:19:30] [Server thread/INFO]: Stopping server
[15:19:30] [Server thread/INFO]: Saving players
[15:19:30] [Server thread/INFO]: Saving worlds
[15:19:30] [Server thread/INFO]: Saving chunks for level 'New World'/Overworld
[15:19:30] [Server thread/INFO]: Saving chunks for level 'New World'/Nether
[15:19:30] [Server thread/INFO]: Saving chunks for level 'New World'/The End
