[10:03:57] [main/INFO]: Logging in with username & password
[10:04:01] [main/INFO]: Setting user: hobnob11
[10:04:02] [Client thread/INFO]: LWJGL Version: 2.9.1
[10:04:07] [Client thread/INFO]: Reloading ResourceManager: Default, FMLFileResourcePack:Forge Mod Loader, FMLFileResourcePack:Minecraft Forge, FMLFileResourcePack:HobMod 2.0, FMLFileResourcePack:CoFH Core, FMLFileResourcePack:Redstone Arsenal, FMLFileResourcePack:Thermal Expansion, FMLFileResourcePack:Thermal Foundation
[10:04:09] [Sound Library Loader/INFO]: Sound engine started
[10:04:10] [Client thread/INFO]: Created: 512x512 textures/blocks-atlas
[10:04:11] [Client thread/INFO]: Created: 512x256 textures/items-atlas
[10:04:11] [Client thread/INFO]: Reloading ResourceManager: Default, FMLFileResourcePack:Forge Mod Loader, FMLFileResourcePack:Minecraft Forge, FMLFileResourcePack:HobMod 2.0, FMLFileResourcePack:CoFH Core, FMLFileResourcePack:Redstone Arsenal, FMLFileResourcePack:Thermal Expansion, FMLFileResourcePack:Thermal Foundation
[10:04:11] [Client thread/INFO]: Created: 512x256 textures/items-atlas
[10:04:12] [Client thread/INFO]: Created: 512x512 textures/blocks-atlas
[10:04:13] [Sound Library Loader/INFO]: Sound engine started
[10:04:20] [Server thread/INFO]: Starting integrated minecraft server version 1.7.10
[10:04:20] [Server thread/INFO]: Generating keypair
[10:04:20] [Server thread/INFO]: Preparing start region for level 0
[10:04:21] [Server thread/INFO]: Changing view distance to 12, from 10
[10:04:21] [Server thread/INFO]: hobnob11[local:E:c362fc4d] logged in with entity id 137 at (1080.682126460209, 4.0, -837.1990379114854)
[10:04:21] [Server thread/INFO]: hobnob11 joined the game
[10:07:29] [Server thread/INFO]: Saving and pausing game...
[10:07:29] [Server thread/INFO]: Saving chunks for level 'New World'/Overworld
[10:07:29] [Server thread/INFO]: Saving chunks for level 'New World'/Nether
[10:07:29] [Server thread/INFO]: Saving chunks for level 'New World'/The End
[10:08:41] [Server thread/INFO]: Saving and pausing game...
[10:08:41] [Server thread/INFO]: Saving chunks for level 'New World'/Overworld
[10:08:41] [Server thread/INFO]: Saving chunks for level 'New World'/Nether
[10:08:41] [Server thread/INFO]: Saving chunks for level 'New World'/The End
[10:08:42] [Server thread/INFO]: Stopping server
[10:08:42] [Server thread/INFO]: Saving players
[10:08:42] [Server thread/INFO]: Saving worlds
[10:08:42] [Server thread/INFO]: Saving chunks for level 'New World'/Overworld
[10:08:42] [Server thread/INFO]: Saving chunks for level 'New World'/Nether
[10:08:42] [Server thread/INFO]: Saving chunks for level 'New World'/The End
