[23:42:32] [main/INFO] [GradleStart]: No arguments specified, assuming client.
[23:42:32] [main/INFO] [GradleStart]: Extra: []
[23:42:32] [main/INFO] [GradleStart]: Running with arguments: [--userProperties, {}, --username, ForgeDevName, --tweakClass, cpw.mods.fml.common.launcher.FMLTweaker, --accessToken, {REDACTED}, --assetIndex, 1.7.10, --assetsDir, C:/Users/Hobnob/.gradle/caches/minecraft/assets, --version, 1.7.10]
[23:42:32] [main/INFO] [LaunchWrapper]: Loading tweak class name cpw.mods.fml.common.launcher.FMLTweaker
[23:42:32] [main/INFO] [LaunchWrapper]: Using primary tweak class name cpw.mods.fml.common.launcher.FMLTweaker
[23:42:32] [main/INFO] [LaunchWrapper]: Calling tweak class cpw.mods.fml.common.launcher.FMLTweaker
[23:48:04] [main/INFO] [GradleStart]: No arguments specified, assuming client.
[23:48:04] [main/INFO] [GradleStart]: Extra: []
[23:48:04] [main/INFO] [GradleStart]: Running with arguments: [--userProperties, {}, --username, ForgeDevName, --tweakClass, cpw.mods.fml.common.launcher.FMLTweaker, --accessToken, {REDACTED}, --assetIndex, 1.7.10, --assetsDir, C:/Users/Hobnob/.gradle/caches/minecraft/assets, --version, 1.7.10]
[23:48:04] [main/INFO] [LaunchWrapper]: Loading tweak class name cpw.mods.fml.common.launcher.FMLTweaker
[23:48:04] [main/INFO] [LaunchWrapper]: Using primary tweak class name cpw.mods.fml.common.launcher.FMLTweaker
[23:48:04] [main/INFO] [LaunchWrapper]: Calling tweak class cpw.mods.fml.common.launcher.FMLTweaker
[23:49:49] [main/INFO] [GradleStart]: No arguments specified, assuming client.
[23:49:49] [main/INFO] [GradleStart]: Extra: []
[23:49:49] [main/INFO] [GradleStart]: Running with arguments: [--userProperties, {}, --username, ForgeDevName, --tweakClass, cpw.mods.fml.common.launcher.FMLTweaker, --accessToken, {REDACTED}, --assetIndex, 1.7.10, --assetsDir, C:/Users/Hobnob/.gradle/caches/minecraft/assets, --version, 1.7.10]
[23:49:49] [main/INFO] [LaunchWrapper]: Loading tweak class name cpw.mods.fml.common.launcher.FMLTweaker
[23:49:49] [main/INFO] [LaunchWrapper]: Using primary tweak class name cpw.mods.fml.common.launcher.FMLTweaker
[23:49:49] [main/INFO] [LaunchWrapper]: Calling tweak class cpw.mods.fml.common.launcher.FMLTweaker
[23:55:05] [main/INFO] [GradleStart]: No arguments specified, assuming client.
[23:55:05] [main/INFO] [GradleStart]: Extra: []
[23:55:05] [main/INFO] [GradleStart]: Running with arguments: [--userProperties, {}, --username, ForgeDevName, --tweakClass, cpw.mods.fml.common.launcher.FMLTweaker, --accessToken, {REDACTED}, --assetIndex, 1.7.10, --assetsDir, C:/Users/Hobnob/.gradle/caches/minecraft/assets, --version, 1.7.10]
[23:55:05] [main/INFO] [LaunchWrapper]: Loading tweak class name cpw.mods.fml.common.launcher.FMLTweaker
[23:55:05] [main/INFO] [LaunchWrapper]: Using primary tweak class name cpw.mods.fml.common.launcher.FMLTweaker
[23:55:05] [main/INFO] [LaunchWrapper]: Calling tweak class cpw.mods.fml.common.launcher.FMLTweaker
[23:56:33] [main/INFO] [GradleStart]: username: williamhobson62@aol.com
[23:56:33] [main/INFO] [GradleStart]: Extra: []
[23:56:33] [main/INFO] [GradleStart]: Password found, attempting login
[23:56:34] [main/INFO] [GradleStart]: Login Succesful!
[23:56:35] [main/INFO] [GradleStart]: Running with arguments: [--userProperties, {}, --username, hobnob11, --tweakClass, cpw.mods.fml.common.launcher.FMLTweaker, --accessToken, {REDACTED}, --assetIndex, 1.7.10, --uuid, 0e919cd15c0d4856bce8d36fc1816bad, --assetsDir, C:/Users/Hobnob/.gradle/caches/minecraft/assets, --version, 1.7.10]
[23:56:35] [main/INFO] [LaunchWrapper]: Loading tweak class name cpw.mods.fml.common.launcher.FMLTweaker
[23:56:35] [main/INFO] [LaunchWrapper]: Using primary tweak class name cpw.mods.fml.common.launcher.FMLTweaker
[23:56:35] [main/INFO] [LaunchWrapper]: Calling tweak class cpw.mods.fml.common.launcher.FMLTweaker
[00:59:00] [main/INFO] [GradleStart]: username: williamhobson62@aol.com
[00:59:00] [main/INFO] [GradleStart]: Extra: []
[00:59:00] [main/INFO] [GradleStart]: Password found, attempting login
[00:59:01] [main/INFO] [GradleStart]: Login Succesful!
[00:59:01] [main/INFO] [GradleStart]: Running with arguments: [--userProperties, {}, --username, hobnob11, --tweakClass, cpw.mods.fml.common.launcher.FMLTweaker, --accessToken, {REDACTED}, --assetIndex, 1.7.10, --uuid, 0e919cd15c0d4856bce8d36fc1816bad, --assetsDir, C:/Users/Hobnob/.gradle/caches/minecraft/assets, --version, 1.7.10]
[00:59:01] [main/INFO] [LaunchWrapper]: Loading tweak class name cpw.mods.fml.common.launcher.FMLTweaker
[00:59:01] [main/INFO] [LaunchWrapper]: Using primary tweak class name cpw.mods.fml.common.launcher.FMLTweaker
[00:59:01] [main/INFO] [LaunchWrapper]: Calling tweak class cpw.mods.fml.common.launcher.FMLTweaker
[03:26:09] [main/INFO] [GradleStart]: username: williamhobson62@aol.com
[03:26:09] [main/INFO] [GradleStart]: Extra: []
[03:26:09] [main/INFO] [GradleStart]: Password found, attempting login
[03:26:10] [main/INFO] [GradleStart]: Login Succesful!
[03:26:10] [main/INFO] [GradleStart]: Running with arguments: [--userProperties, {}, --username, hobnob11, --tweakClass, cpw.mods.fml.common.launcher.FMLTweaker, --accessToken, {REDACTED}, --assetIndex, 1.7.10, --uuid, 0e919cd15c0d4856bce8d36fc1816bad, --assetsDir, C:/Users/Hobnob/.gradle/caches/minecraft/assets, --version, 1.7.10]
[03:26:10] [main/INFO] [LaunchWrapper]: Loading tweak class name cpw.mods.fml.common.launcher.FMLTweaker
[03:26:10] [main/INFO] [LaunchWrapper]: Using primary tweak class name cpw.mods.fml.common.launcher.FMLTweaker
[03:26:10] [main/INFO] [LaunchWrapper]: Calling tweak class cpw.mods.fml.common.launcher.FMLTweaker
