[01:31:34] [main/INFO]: Logging in with username & password
[01:31:38] [main/INFO]: Setting user: hobnob11
[01:31:39] [Client thread/INFO]: LWJGL Version: 2.9.1
[01:31:45] [Client thread/INFO]: Reloading ResourceManager: Default, FMLFileResourcePack:Forge Mod Loader, FMLFileResourcePack:Minecraft Forge, FMLFileResourcePack:HobMod 2.0, FMLFileResourcePack:CoFH Core, FMLFileResourcePack:Redstone Arsenal, FMLFileResourcePack:Thermal Expansion, FMLFileResourcePack:Thermal Foundation
[01:31:47] [Sound Library Loader/INFO]: Sound engine started
[01:31:48] [Client thread/INFO]: Created: 512x256 textures/blocks-atlas
[01:31:49] [Client thread/INFO]: Created: 512x256 textures/items-atlas
[01:31:49] [Client thread/INFO]: Reloading ResourceManager: Default, FMLFileResourcePack:Forge Mod Loader, FMLFileResourcePack:Minecraft Forge, FMLFileResourcePack:HobMod 2.0, FMLFileResourcePack:CoFH Core, FMLFileResourcePack:Redstone Arsenal, FMLFileResourcePack:Thermal Expansion, FMLFileResourcePack:Thermal Foundation
[01:31:49] [Client thread/INFO]: Created: 512x256 textures/items-atlas
[01:31:50] [Client thread/INFO]: Created: 512x512 textures/blocks-atlas
[01:31:51] [Sound Library Loader/INFO]: Sound engine started
[01:32:09] [Server thread/INFO]: Starting integrated minecraft server version 1.7.10
[01:32:09] [Server thread/INFO]: Generating keypair
[01:32:09] [Server thread/INFO]: Preparing start region for level 0
[01:32:10] [Server thread/INFO]: Changing view distance to 12, from 10
[01:32:10] [Server thread/INFO]: hobnob11[local:E:85fc3b6f] logged in with entity id 135 at (1103.0344372566833, 4.0, -839.1177002238268)
[01:32:10] [Server thread/INFO]: hobnob11 joined the game
[01:32:35] [Server thread/INFO]: Saving and pausing game...
[01:32:35] [Server thread/INFO]: Saving chunks for level 'New World'/Overworld
[01:32:35] [Server thread/INFO]: Saving chunks for level 'New World'/Nether
[01:32:35] [Server thread/INFO]: Saving chunks for level 'New World'/The End
[01:32:35] [Server thread/INFO]: Stopping server
[01:32:35] [Server thread/INFO]: Saving players
[01:32:35] [Server thread/INFO]: Saving worlds
[01:32:35] [Server thread/INFO]: Saving chunks for level 'New World'/Overworld
[01:32:35] [Server thread/INFO]: Saving chunks for level 'New World'/Nether
[01:32:35] [Server thread/INFO]: Saving chunks for level 'New World'/The End
[01:32:38] [Client thread/INFO]: Stopping!
